2022-11-30 21:06:03,696 [INFO] Activator:177 - 


2022-11-30 21:06:03,697 [INFO] Activator:178 - !SESSION log4j initialized
2022-11-30 21:06:21,240 [ERROR] LogOutputStream:74 - [STDERR_REDIRECT] nov. 30, 2022 9:06:20 P. M. org.glassfish.grizzly.http.server.NetworkListener start
2022-11-30 21:06:21,246 [ERROR] LogOutputStream:74 - [STDERR_REDIRECT] INFORMACI?N: Started listener bound to [localhost:1596]
2022-11-30 21:06:21,247 [ERROR] LogOutputStream:74 - [STDERR_REDIRECT] 
2022-11-30 21:06:21,251 [ERROR] LogOutputStream:74 - [STDERR_REDIRECT] nov. 30, 2022 9:06:21 P. M. org.glassfish.grizzly.http.server.HttpServer start
2022-11-30 21:06:21,253 [ERROR] LogOutputStream:74 - [STDERR_REDIRECT] INFORMACI?N: [HttpServer] Started.
2022-11-30 21:06:21,283 [ERROR] LogOutputStream:74 - [STDERR_REDIRECT] 
2022-11-30 21:10:55,800 [INFO] ApplicationProperties:181 - Using Application install path: D:\STM32Cube\STM32CubeIDE_1.10.1\STM32CubeIDE\plugins\com.st.stm32cube.common.mx_6.6.1.202207061420
2022-11-30 21:10:55,871 [INFO] DbMcusXml:77 - Set database path to: D:\STM32Cube\STM32CubeIDE_1.10.1\STM32CubeIDE\plugins\com.st.stm32cube.common.mx_6.6.1.202207061420\\db\/mcu/
2022-11-30 21:10:55,872 [INFO] ApiDb:269 - Set plugin database path to: D:\STM32Cube\STM32CubeIDE_1.10.1\STM32CubeIDE\plugins\com.st.stm32cube.common.mx_6.6.1.202207061420\\db\/plugins/boardmanager/
2022-11-30 21:10:55,876 [WARN] ApiDb:254 - Overriding images path with different value:  => D:\STM32Cube\STM32CubeIDE_1.10.1\STM32CubeIDE\plugins\com.st.stm32cube.common.mx_6.6.1.202207061420\\db\/plugins/mcufinder/images/
2022-11-30 21:10:56,006 [INFO] ApiDb:249 - Set database path to: C:\Users\jeffr\.stmcufinder\plugins\mcufinder//mcu/
2022-11-30 21:10:56,011 [INFO] DbMcusAds:124 - Set database path to: C:\Users\jeffr\.stmcufinder\plugins\mcufinder//mcu/
2022-11-30 21:10:56,218 [INFO] CrossReferenceDbSqlite:201 - Set database path to: C:\Users\jeffr\.stmcufinder\plugins\mcufinder//mcu/cs/
2022-11-30 21:10:56,750 [INFO] RulesReader:61 - Compatibility file has been processed (282 Rules)
2022-11-30 21:10:57,116 [INFO] DbMcusXml:77 - Set database path to: D:\STM32Cube\STM32CubeIDE_1.10.1\STM32CubeIDE\plugins\com.st.stm32cube.common.mx_6.6.1.202207061420\\db\/mcu/
2022-11-30 21:10:57,117 [INFO] ApiDb:269 - Set plugin database path to: D:\STM32Cube\STM32CubeIDE_1.10.1\STM32CubeIDE\plugins\com.st.stm32cube.common.mx_6.6.1.202207061420\\db\/plugins/boardmanager/
2022-11-30 21:10:57,117 [INFO] ApiDb:256 - Set plugin images path to: D:\STM32Cube\STM32CubeIDE_1.10.1\STM32CubeIDE\plugins\com.st.stm32cube.common.mx_6.6.1.202207061420\\db\/plugins/mcufinder/images/
2022-11-30 21:10:57,118 [WARN] DbFile:40 - Overriding database path with different value: C:\Users\jeffr\.stmcufinder\plugins\mcufinder/ => C:\Users\jeffr\.stmcufinder\plugins\mcufinder
2022-11-30 21:10:57,118 [INFO] ApiDb:249 - Set database path to: C:\Users\jeffr\.stmcufinder\plugins\mcufinder//mcu/
2022-11-30 21:10:57,119 [WARN] DbFile:40 - Overriding database path with different value: C:\Users\jeffr\.stmcufinder\plugins\mcufinder/ => C:\Users\jeffr\.stmcufinder\plugins\mcufinder
2022-11-30 21:10:57,119 [INFO] DbMcusAds:124 - Set database path to: C:\Users\jeffr\.stmcufinder\plugins\mcufinder//mcu/
2022-11-30 21:10:57,119 [WARN] DbFile:40 - Overriding database path with different value: C:\Users\jeffr\.stmcufinder\plugins\mcufinder/ => C:\Users\jeffr\.stmcufinder\plugins\mcufinder
2022-11-30 21:10:57,120 [WARN] DbFile:40 - Overriding database path with different value: C:\Users\jeffr\.stmcufinder\plugins\mcufinder/ => C:\Users\jeffr\.stmcufinder\plugins\mcufinder
2022-11-30 21:10:57,120 [INFO] CrossReferenceDbSqlite:201 - Set database path to: C:\Users\jeffr\.stmcufinder\plugins\mcufinder//mcu/cs/
2022-11-30 21:10:57,758 [INFO] MainPanel:242 - HeapMemory: 420478976
2022-11-30 21:10:58,215 [INFO] DbMcusXml:77 - Set database path to: D:\STM32Cube\STM32CubeIDE_1.10.1\STM32CubeIDE\plugins\com.st.stm32cube.common.mx_6.6.1.202207061420\\db\/mcu/
2022-11-30 21:10:58,216 [INFO] ApiDb:269 - Set plugin database path to: D:\STM32Cube\STM32CubeIDE_1.10.1\STM32CubeIDE\plugins\com.st.stm32cube.common.mx_6.6.1.202207061420\\db\/plugins/boardmanager/
2022-11-30 21:10:58,216 [INFO] ApiDb:256 - Set plugin images path to: D:\STM32Cube\STM32CubeIDE_1.10.1\STM32CubeIDE\plugins\com.st.stm32cube.common.mx_6.6.1.202207061420\\db\/plugins/mcufinder/images/
2022-11-30 21:10:58,217 [WARN] DbFile:40 - Overriding database path with different value: C:\Users\jeffr\.stmcufinder\plugins\mcufinder/ => C:\Users\jeffr\.stmcufinder\plugins\mcufinder
2022-11-30 21:10:58,217 [INFO] ApiDb:249 - Set database path to: C:\Users\jeffr\.stmcufinder\plugins\mcufinder//mcu/
2022-11-30 21:10:58,217 [WARN] DbFile:40 - Overriding database path with different value: C:\Users\jeffr\.stmcufinder\plugins\mcufinder/ => C:\Users\jeffr\.stmcufinder\plugins\mcufinder
2022-11-30 21:10:58,218 [INFO] DbMcusAds:124 - Set database path to: C:\Users\jeffr\.stmcufinder\plugins\mcufinder//mcu/
2022-11-30 21:10:58,218 [WARN] DbFile:40 - Overriding database path with different value: C:\Users\jeffr\.stmcufinder\plugins\mcufinder/ => C:\Users\jeffr\.stmcufinder\plugins\mcufinder
2022-11-30 21:10:58,218 [WARN] DbFile:40 - Overriding database path with different value: C:\Users\jeffr\.stmcufinder\plugins\mcufinder/ => C:\Users\jeffr\.stmcufinder\plugins\mcufinder
2022-11-30 21:10:58,219 [INFO] CrossReferenceDbSqlite:201 - Set database path to: C:\Users\jeffr\.stmcufinder\plugins\mcufinder//mcu/cs/
2022-11-30 21:10:58,261 [INFO] ApplicationProperties:181 - Using Application install path: D:\STM32Cube\STM32CubeIDE_1.10.1\STM32CubeIDE\plugins\com.st.stm32cube.common.mx_6.6.1.202207061420
2022-11-30 21:10:58,265 [INFO] PluginManage:193 - Search for loadable plugins [exclusion list=, ]
2022-11-30 21:10:58,270 [INFO] PluginManage:307 - Check plugin analytics
2022-11-30 21:10:58,726 [INFO] AnalyticsPlugin:262 - Accepted Software Licenses: STM32CubeMX.6.5.0,STM32CubeMX.6.6.1
2022-11-30 21:10:58,727 [INFO] AnalyticsPlugin:264 - Accepted CMSIS Pack Licenses: STMicroelectronics.X-CUBE-TOUCHGFX.4.20.0,STMicroelectronics.X-CUBE-SFXS2LP1.3.1.0,STMicroelectronics.X-CUBE-SUBG2.4.2.0,STMicroelectronics.X-CUBE-SFXS2LP1.4.0.0
2022-11-30 21:10:58,730 [INFO] AnalyticsPlugin:266 - Accepted Firmware Licenses: FW.F4.1.27.0,FW.G0.1.5.0
2022-11-30 21:10:58,756 [INFO] PluginManage:356 - Loaded plugin analytics (category:tool,tabindex:-1)
2022-11-30 21:10:58,757 [INFO] PluginManage:307 - Check plugin cadmodel
2022-11-30 21:10:58,838 [INFO] CADModel:65 - Init CAD model plugin
2022-11-30 21:10:58,839 [INFO] PluginManage:356 - Loaded plugin cadmodel (category:power,tabindex:5)
2022-11-30 21:10:58,840 [INFO] PluginManage:307 - Check plugin clock
2022-11-30 21:10:58,876 [INFO] PluginManage:356 - Loaded plugin clock (category:base,tabindex:2)
2022-11-30 21:10:58,877 [INFO] PluginManage:307 - Check plugin ddr
2022-11-30 21:10:58,885 [INFO] PluginManage:356 - Loaded plugin ddr (category:tool,tabindex:6)
2022-11-30 21:10:58,886 [INFO] PluginManage:307 - Check plugin filemanager
2022-11-30 21:10:59,478 [INFO] PluginManage:356 - Loaded plugin filemanager (category:base,tabindex:10)
2022-11-30 21:10:59,478 [INFO] PluginManage:307 - Check plugin ipmanager
2022-11-30 21:10:59,525 [INFO] PluginManage:356 - Loaded plugin ipmanager (category:base,tabindex:5)
2022-11-30 21:10:59,525 [INFO] PluginManage:307 - Check plugin lpbam
2022-11-30 21:10:59,558 [INFO] PluginManage:356 - Loaded plugin lpbam (category:base,tabindex:0)
2022-11-30 21:10:59,559 [INFO] PluginManage:307 - Check plugin pinoutandconfiguration
2022-11-30 21:10:59,593 [INFO] PluginManage:356 - Loaded plugin pinoutandconfiguration (category:base,tabindex:1)
2022-11-30 21:10:59,593 [INFO] PluginManage:307 - Check plugin pinoutconfig
2022-11-30 21:10:59,678 [INFO] PluginManage:356 - Loaded plugin pinoutconfig (category:base,tabindex:0)
2022-11-30 21:10:59,680 [INFO] PluginManage:307 - Check plugin power
2022-11-30 21:10:59,782 [INFO] PluginManage:356 - Loaded plugin power (category:power,tabindex:4)
2022-11-30 21:10:59,783 [INFO] PluginManage:307 - Check plugin projectmanager
2022-11-30 21:10:59,824 [INFO] PluginManage:356 - Loaded plugin projectmanager (category:projectmanager,tabindex:3)
2022-11-30 21:10:59,825 [INFO] PluginManage:307 - Check plugin thirdparty
2022-11-30 21:11:00,710 [WARN] IntegrityCheckThread:82 - waiting for thirdparty lock release [integrity check]
2022-11-30 21:11:00,711 [INFO] PluginManage:356 - Loaded plugin thirdparty (category:base,tabindex:-1)
2022-11-30 21:11:00,711 [INFO] IntegrityCheckThread:84 - entering critical section [integrity check]
2022-11-30 21:11:00,713 [INFO] PluginManage:307 - Check plugin tools
2022-11-30 21:11:00,717 [INFO] ThirdPartyUpdaterWithRetryManager:70 - Updater plugin not ready yet. [1/15]
2022-11-30 21:11:00,793 [INFO] PluginManage:356 - Loaded plugin tools (category:base,tabindex:7)
2022-11-30 21:11:00,794 [INFO] PluginManage:307 - Check plugin tutovideos
2022-11-30 21:11:01,698 [INFO] PluginManage:356 - Loaded plugin tutovideos (category:base,tabindex:-1)
2022-11-30 21:11:01,699 [INFO] PluginManage:307 - Check plugin updater
2022-11-30 21:11:01,887 [INFO] PluginManage:356 - Loaded plugin updater (category:base,tabindex:12)
2022-11-30 21:11:01,888 [INFO] PluginManage:280 - PluginManage : Loaded plugins [15]
2022-11-30 21:11:02,854 [INFO] PinOutPanel:1468 - setPackage(No Configuration,No Configuration)
2022-11-30 21:11:03,084 [INFO] CADModel:98 - CPN selected for project level
2022-11-30 21:11:03,157 [INFO] IPUIPlugin:79 - create IPUIPlugin
2022-11-30 21:11:03,158 [INFO] PluginManager:217 - loadIPPluginJar : add adc
2022-11-30 21:11:03,216 [INFO] IPUIPlugin:79 - create IPUIPlugin
2022-11-30 21:11:03,217 [INFO] PluginManager:217 - loadIPPluginJar : add aes
2022-11-30 21:11:03,301 [INFO] IPUIPlugin:79 - create IPUIPlugin
2022-11-30 21:11:03,302 [INFO] PluginManager:217 - loadIPPluginJar : add can
2022-11-30 21:11:03,371 [INFO] IPUIPlugin:79 - create IPUIPlugin
2022-11-30 21:11:03,372 [INFO] PluginManager:217 - loadIPPluginJar : add comp
2022-11-30 21:11:03,465 [INFO] IPUIPlugin:79 - create IPUIPlugin
2022-11-30 21:11:03,467 [INFO] PluginManager:217 - loadIPPluginJar : add cryp
2022-11-30 21:11:03,527 [INFO] IPUIPlugin:79 - create IPUIPlugin
2022-11-30 21:11:03,527 [INFO] PluginManager:217 - loadIPPluginJar : add dfsdm
2022-11-30 21:11:03,561 [INFO] IPUIPlugin:79 - create IPUIPlugin
2022-11-30 21:11:03,561 [INFO] PluginManager:217 - loadIPPluginJar : add dma
2022-11-30 21:11:03,634 [INFO] IPUIPlugin:79 - create IPUIPlugin
2022-11-30 21:11:03,635 [INFO] PluginManager:217 - loadIPPluginJar : add dma3
2022-11-30 21:11:03,676 [INFO] IPUIPlugin:79 - create IPUIPlugin
2022-11-30 21:11:03,677 [INFO] PluginManager:217 - loadIPPluginJar : add fatfs
2022-11-30 21:11:03,719 [INFO] ThirdPartyUpdaterWithRetryManager:70 - Updater plugin not ready yet. [2/15]
2022-11-30 21:11:03,758 [INFO] IPUIPlugin:79 - create IPUIPlugin
2022-11-30 21:11:03,758 [INFO] PluginManager:217 - loadIPPluginJar : add fmc
2022-11-30 21:11:03,784 [INFO] IPUIPlugin:79 - create IPUIPlugin
2022-11-30 21:11:03,785 [INFO] PluginManager:217 - loadIPPluginJar : add freertos
2022-11-30 21:11:03,797 [INFO] IPUIPlugin:79 - create IPUIPlugin
2022-11-30 21:11:03,798 [INFO] PluginManager:217 - loadIPPluginJar : add genericplugin
2022-11-30 21:11:04,018 [INFO] IPUIPlugin:79 - create IPUIPlugin
2022-11-30 21:11:04,018 [INFO] PluginManager:217 - loadIPPluginJar : add gfxmmu
2022-11-30 21:11:04,409 [INFO] IPUIPlugin:79 - create IPUIPlugin
2022-11-30 21:11:04,409 [INFO] PluginManager:217 - loadIPPluginJar : add gic
2022-11-30 21:11:04,431 [INFO] IPUIPlugin:79 - create IPUIPlugin
2022-11-30 21:11:04,432 [INFO] PluginManager:217 - loadIPPluginJar : add gpio
2022-11-30 21:11:04,593 [INFO] IPUIPlugin:79 - create IPUIPlugin
2022-11-30 21:11:04,593 [INFO] PluginManager:217 - loadIPPluginJar : add gtzc
2022-11-30 21:11:04,683 [INFO] IPUIPlugin:79 - create IPUIPlugin
2022-11-30 21:11:04,684 [INFO] PluginManager:217 - loadIPPluginJar : add hash
2022-11-30 21:11:04,802 [INFO] IPUIPlugin:79 - create IPUIPlugin
2022-11-30 21:11:04,805 [INFO] PluginManager:217 - loadIPPluginJar : add i2c
2022-11-30 21:11:04,893 [INFO] IPUIPlugin:79 - create IPUIPlugin
2022-11-30 21:11:04,893 [INFO] PluginManager:217 - loadIPPluginJar : add i2s
2022-11-30 21:11:05,093 [INFO] IPUIPlugin:79 - create IPUIPlugin
2022-11-30 21:11:05,094 [INFO] PluginManager:217 - loadIPPluginJar : add ipddr
2022-11-30 21:11:05,270 [INFO] IPUIPlugin:79 - create IPUIPlugin
2022-11-30 21:11:05,272 [INFO] PluginManager:217 - loadIPPluginJar : add linkedlist
2022-11-30 21:11:05,303 [INFO] IPUIPlugin:79 - create IPUIPlugin
2022-11-30 21:11:05,305 [INFO] PluginManager:217 - loadIPPluginJar : add lorawan
2022-11-30 21:11:05,409 [INFO] IPUIPlugin:79 - create IPUIPlugin
2022-11-30 21:11:05,409 [INFO] PluginManager:217 - loadIPPluginJar : add ltdc
2022-11-30 21:11:05,439 [INFO] IPUIPlugin:79 - create IPUIPlugin
2022-11-30 21:11:05,440 [INFO] PluginManager:217 - loadIPPluginJar : add mdma
2022-11-30 21:11:05,472 [INFO] IPUIPlugin:79 - create IPUIPlugin
2022-11-30 21:11:05,473 [INFO] PluginManager:217 - loadIPPluginJar : add nvic
2022-11-30 21:11:05,537 [INFO] IPUIPlugin:79 - create IPUIPlugin
2022-11-30 21:11:05,538 [INFO] PluginManager:217 - loadIPPluginJar : add opamp
2022-11-30 21:11:05,664 [INFO] IPUIPlugin:79 - create IPUIPlugin
2022-11-30 21:11:05,664 [INFO] PluginManager:217 - loadIPPluginJar : add openamp
2022-11-30 21:11:05,731 [INFO] IPUIPlugin:79 - create IPUIPlugin
2022-11-30 21:11:05,732 [INFO] PluginManager:217 - loadIPPluginJar : add pdm2pcm
2022-11-30 21:11:05,764 [INFO] IPUIPlugin:79 - create IPUIPlugin
2022-11-30 21:11:05,773 [INFO] PluginManager:217 - loadIPPluginJar : add plateformsettings
2022-11-30 21:11:05,820 [INFO] IPUIPlugin:79 - create IPUIPlugin
2022-11-30 21:11:05,820 [INFO] PluginManager:217 - loadIPPluginJar : add quadspi
2022-11-30 21:11:05,845 [INFO] IPUIPlugin:79 - create IPUIPlugin
2022-11-30 21:11:05,846 [INFO] PluginManager:217 - loadIPPluginJar : add resmgrutility
2022-11-30 21:11:05,941 [INFO] IPUIPlugin:79 - create IPUIPlugin
2022-11-30 21:11:05,942 [INFO] PluginManager:217 - loadIPPluginJar : add sai
2022-11-30 21:11:06,022 [INFO] IPUIPlugin:79 - create IPUIPlugin
2022-11-30 21:11:06,023 [INFO] PluginManager:217 - loadIPPluginJar : add spi
2022-11-30 21:11:06,183 [INFO] IPUIPlugin:79 - create IPUIPlugin
2022-11-30 21:11:06,184 [INFO] PluginManager:217 - loadIPPluginJar : add stm32_wpan
2022-11-30 21:11:06,190 [INFO] IPUIPlugin:79 - create IPUIPlugin
2022-11-30 21:11:06,190 [INFO] PluginManager:217 - loadIPPluginJar : add tim
2022-11-30 21:11:06,315 [INFO] IPUIPlugin:79 - create IPUIPlugin
2022-11-30 21:11:06,316 [INFO] PluginManager:217 - loadIPPluginJar : add touchsensing
2022-11-30 21:11:06,323 [INFO] IPUIPlugin:79 - create IPUIPlugin
2022-11-30 21:11:06,325 [INFO] PluginManager:217 - loadIPPluginJar : add tracer_emb
2022-11-30 21:11:06,330 [INFO] IPUIPlugin:79 - create IPUIPlugin
2022-11-30 21:11:06,331 [INFO] PluginManager:217 - loadIPPluginJar : add ts
2022-11-30 21:11:06,341 [INFO] IPUIPlugin:79 - create IPUIPlugin
2022-11-30 21:11:06,342 [INFO] PluginManager:217 - loadIPPluginJar : add tsc
2022-11-30 21:11:06,383 [INFO] IPUIPlugin:79 - create IPUIPlugin
2022-11-30 21:11:06,383 [INFO] PluginManager:217 - loadIPPluginJar : add ucpd
2022-11-30 21:11:06,487 [INFO] IPUIPlugin:79 - create IPUIPlugin
2022-11-30 21:11:06,487 [INFO] PluginManager:217 - loadIPPluginJar : add usart
2022-11-30 21:11:06,585 [INFO] IPUIPlugin:79 - create IPUIPlugin
2022-11-30 21:11:06,585 [INFO] PluginManager:217 - loadIPPluginJar : add usbx
2022-11-30 21:11:06,729 [INFO] ThirdPartyUpdaterWithRetryManager:70 - Updater plugin not ready yet. [3/15]
2022-11-30 21:11:06,856 [INFO] CADModel:98 - CPN selected for project level
2022-11-30 21:11:07,463 [INFO] CADModel:98 - CPN selected for project level
2022-11-30 21:11:07,479 [FATAL] Updater:301 - Updater called before beeing initialized
2022-11-30 21:11:08,207 [FATAL] Updater:301 - Updater called before beeing initialized
2022-11-30 21:11:08,240 [INFO] DbMcusAds:52 - JSON generation date=Thu Sep 30 01:55:09 COT 2021 (1632984909377)
2022-11-30 21:11:08,240 [FATAL] Updater:301 - Updater called before beeing initialized
2022-11-30 21:11:08,647 [WARN] DetailPanel:344 - Failed to get advertising image, set to default
2022-11-30 21:11:08,893 [FATAL] Updater:301 - Updater called before beeing initialized
2022-11-30 21:11:08,897 [FATAL] Updater:301 - Updater called before beeing initialized
2022-11-30 21:11:08,898 [FATAL] Updater:301 - Updater called before beeing initialized
2022-11-30 21:11:08,899 [WARN] DetailPanel:344 - Failed to get advertising image, set to default
2022-11-30 21:11:08,904 [FATAL] Updater:301 - Updater called before beeing initialized
2022-11-30 21:11:09,076 [ERROR] Updater:1105 - MainUpdater not yet initialized. External WinMGr cannot be set.
2022-11-30 21:11:09,080 [INFO] Updater:1041 - Updater Version found : 6.6.1
2022-11-30 21:11:09,121 [INFO] ApplicationProperties:181 - Using Application install path: D:\STM32Cube\STM32CubeIDE_1.10.1\STM32CubeIDE\plugins\com.st.stm32cube.common.mx_6.6.1.202207061420
2022-11-30 21:11:09,731 [FATAL] Updater:301 - Updater called before beeing initialized
2022-11-30 21:11:09,734 [ERROR] IntegrityCheckThread:128 - Cannot retrieve database content from updater: error 21
2022-11-30 21:11:09,735 [INFO] ThirdParty:929 - Integrity check success = false
2022-11-30 21:11:09,736 [INFO] IntegrityCheckThread:98 - exiting critical section [integrity check]
2022-11-30 21:11:09,736 [INFO] IntegrityCheckThread:101 - End integrity checks thread
2022-11-30 21:11:10,109 [INFO] MainUpdater:2768 - connection check result : 10
2022-11-30 21:11:10,113 [INFO] MainUpdater:280 - Updater Check For Update Now.
2022-11-30 21:11:10,114 [INFO] MicroXplorer:481 - Change Database Version : DB.6.0.60
2022-11-30 21:11:10,424 [INFO] CheckServerUpdateThread:119 - End of CheckServer Thread
2022-11-30 21:11:10,466 [INFO] MainUpdater:2768 - connection check result : 10
2022-11-30 21:11:12,523 [INFO] CheckServerUpdateThread:119 - End of CheckServer Thread
2022-11-30 21:12:04,012 [INFO] DeleteFilesThread:122 - Start of DeleteFileThread Thread
2022-11-30 21:12:29,109 [INFO] DeleteFilesThread:135 - End of DeleteFileThread Thread
2022-11-30 21:12:29,568 [INFO] CheckServerUpdateThread:119 - End of CheckServer Thread
2022-11-30 21:13:15,053 [INFO] McuFinderGlobals:44 - Set McuFinder mode to 2 (CubeIDE integrated)
2022-11-30 21:13:15,117 [INFO] MainUpdater:2768 - connection check result : 10
2022-11-30 21:13:16,768 [INFO] McuFinderGlobals:57 - Set McuFinderConnectedMode to true
2022-11-30 21:13:16,804 [INFO] MultiScanPanel:195 - Auto-refresh data requested => check proxy status ongoing
2022-11-30 21:13:16,822 [INFO] FinderPluginLoader:92 - Searching for filters in installed packs
2022-11-30 21:13:16,836 [INFO] FinderPluginLoader:105 - Found D:\STM32Cube\Repository\Packs\STMicroelectronics\X-CUBE-AI\7.1.0\CubeMX\plugins\ip\ai.7.1.0.jar
2022-11-30 21:13:16,840 [INFO] FinderPluginLoader:105 - Found D:\STM32Cube\Repository\Packs\STMicroelectronics\X-CUBE-AI\5.1.2\CubeMX\plugins\ip\ai.5.1.2.jar
2022-11-30 21:13:16,840 [INFO] FinderPluginLoader:115 - Loading ai.7.1.0
2022-11-30 21:13:17,300 [INFO] McuExtendedFiltersManager:94 - Add MCU extended filter: Artificial Intelligence
2022-11-30 21:13:17,649 [INFO] ApiDb:576 - Connected to CubeFinder SQLite database (C:\Users\jeffr\.stmcufinder\plugins\mcufinder\mcu\cube-finder-db.db)
2022-11-30 21:13:17,803 [INFO] ApiDb:663 - CubeFinder database Data Model version=2.1
2022-11-30 21:13:17,805 [INFO] ApiDb:664 - CubeFinder database Configuration version=3.0.35
2022-11-30 21:13:17,807 [INFO] ApiDb:665 - CubeFinder database generation date=2022-11-18 (1668769384)
2022-11-30 21:13:17,808 [INFO] ApiDb:666 - CubeFinder database FW Pack versions=[FP-ATR-ASTRA1_V1.1.1, STM32Cube_FW_C0_V1.0.0, STM32Cube_FW_F4_V1.27.1, STM32Cube_FW_F7_V1.17.0, STM32Cube_FW_G0_V1.6.1, STM32Cube_FW_G4_V1.5.0, STM32Cube_FW_H5_V0.5.1, STM32Cube_FW_H7_V1.11.0, STM32Cube_FW_L5_V1.5.0, STM32Cube_FW_U5_V1.1.1, STM32Cube_FW_WBA_V0.2.0, STM32Cube_FW_WB_V1.15.0, STM32Cube_FW_WB_V1.15.0RC1, STM32Cube_FW_WL_V1.3.0, X-CUBE-ALGOBUILD_V1.3.0, X-CUBE-ALS_V1.0.1, X-CUBE-AZRTOS-F4_V1.1.0, X-CUBE-AZRTOS-F7_V1.1.0, X-CUBE-AZRTOS-G0_V1.1.0, X-CUBE-AZRTOS-G4_V1.0.0, X-CUBE-AZRTOS-H7_V2.1.0, X-CUBE-AZRTOS-L4_V1.0.0, X-CUBE-AZRTOS-L5_V1.0.0, X-CUBE-AZRTOS-WL_V1.0.0, X-CUBE-BLE1_V6.2.4, X-CUBE-BLE2_V3.3.0, X-CUBE-BLEMGR_V1.2.0, X-CUBE-EEPRMA1_V3.1.1, X-CUBE-GNSS1_V6.0.0, X-CUBE-MEMS1_V9.1.0, X-CUBE-MEMS1_V9.3.0, X-CUBE-NFC4_V2.0.4, X-CUBE-NFC7_V1.0.0, X-CUBE-SFXS2LP1_V4.0.0, X-CUBE-SUBG2_V5.0.0]
2022-11-30 21:13:23,697 [INFO] ApiDb:239 - Found 138 in-development CPN: [B-WB1M-WPAN1, NUCLEO-C031C6, STEVAL-STWINBX1, STM320518-EVAL, STM32C0116-DK, STM32C011D6Y3TR, STM32C011D6Y6TR, STM32C011F4P3, STM32C011F4P6, STM32C011F4U3, STM32C011F4U6TR, STM32C011F6P3, STM32C011F6P6, STM32C011F6U3, STM32C011F6U6TR, STM32C011J4M3, STM32C011J4M6, STM32C011J6M3, STM32C011J6M6, STM32C0316-DK, STM32C031C4T3, STM32C031C4T6, STM32C031C4U3, STM32C031C4U6, STM32C031C6T3, STM32C031C6T6, STM32C031C6U3, STM32C031C6U6, STM32C031F4P3, STM32C031F4P6, STM32C031F6P3, STM32C031F6P6, STM32C031G4U3, STM32C031G4U6, STM32C031G6U3, STM32C031G6U6, STM32C031K4T3, STM32C031K4T6, STM32C031K4U3, STM32C031K4U6, STM32C031K6T3, STM32C031K6T6, STM32C031K6U3, STM32C031K6U6, STM32G071K8TXN, STM32G071K8UXN, STM32G081GBU6N, STM32G081KBT6N, STM32G081KBUXN, STM32G0B1CCT6N, STM32G0B1KCT6, STM32G0B1NEY6TR, STM32G0B1RCT6N, STM32G0C1CCT6, STM32G0C1CCT6N, STM32G0C1CCU6N, STM32G0C1CET6N, STM32G0C1CEU6N, STM32G0C1KCT6, STM32G0C1NEY6TR, STM32G0C1RCI6N, STM32G0C1RCT6N, STM32G0C1REI6N, STM32G0C1RET6N, STM32G0C1VCI6, STM32G0C1VEI6, STM32G471CCT6, STM32G471CCU6, STM32G471CET3, STM32G471CET6, STM32G471CEU3, STM32G471CEU6, STM32G471MCT6, STM32G471MET3, STM32G471MET6, STM32G471MEY6TR, STM32G471QCT6, STM32G471QET3, STM32G471RCT6, STM32G471RET3, STM32G471RET6, STM32G471VCH6, STM32G471VCI6, STM32G471VCT6, STM32G471VEH3, STM32G471VEH6, STM32G471VEI3, STM32G471VEI6, STM32G471VET3, STM32G471VET6, STM32G474CCT6, STM32L476VGY6PTR, STM32L4R5QGI6STR, STM32MP131AAE3, STM32MP131AAF3, STM32MP131AAG3, STM32MP131CAE3, STM32MP131CAF3, STM32MP131CAG3, STM32MP131DAE7, STM32MP131DAF7, STM32MP131DAG7, STM32MP131FAE7, STM32MP131FAF7, STM32MP131FAG7, STM32MP133AAE3, STM32MP133AAF3, STM32MP133AAG3, STM32MP133CAE3, STM32MP133CAF3, STM32MP133CAG3, STM32MP133DAE7, STM32MP133DAF7, STM32MP133DAG7, STM32MP133FAE7, STM32MP133FAF7, STM32MP133FAG7, STM32MP135AAE3, STM32MP135AAF3, STM32MP135AAG3, STM32MP135CAE3, STM32MP135CAF3, STM32MP135CAG3, STM32MP135DAE7, STM32MP135DAF7, STM32MP135DAG7, STM32MP135F-DK, STM32MP135FAE7, STM32MP135FAF7, STM32MP135FAG7, STM32U595ZJT6Q, STM32U599BJY6QTR, STM32U599NIH6Q, STM32U599NJH6Q, STM32U5A5ZJT6Q, STM32U5A9BJY6QTR, STM32U5A9NJH6Q, STM32WB1MMCH6]
2022-11-30 21:13:23,705 [INFO] DbMcus:215 - Found 3580 MCUs, 3580 are supported
2022-11-30 21:13:23,708 [INFO] ApiDb:418 - Load user favorites file C:\Users\jeffr/.stm32cubeide/favorites.mcus.txt: 0 item(s)
2022-11-30 21:13:23,709 [INFO] ApiDb:422 - User favorites MCUs=[]
2022-11-30 21:13:23,710 [INFO] DbMcus:221 - Set 0 / 0 favorites MCUs
2022-11-30 21:13:25,288 [INFO] AInterface:107 - AInterface using toolDir: D:/STM32Cube/Repository/Packs/STMicroelectronics/X-CUBE-AI/7.1.0/Utilities/windows
2022-11-30 21:13:26,488 [INFO] LoadUrlFilesThread:177 - End of LoadServerUrlFiles without Thread
2022-11-30 21:13:26,587 [INFO] DetailPanel:339 - Set advertising image to D:\STM32Cube\Repository\en.Prom_NBSTM32U50921.jpg
2022-11-30 21:13:28,297 [INFO] MultiScanPanel:778 - Auto Refresh Data is not needed
2022-11-30 21:13:28,317 [INFO] ApiDb:663 - CubeFinder database Data Model version=2.1
2022-11-30 21:13:28,317 [INFO] ApiDb:664 - CubeFinder database Configuration version=3.0.35
2022-11-30 21:13:28,317 [INFO] ApiDb:665 - CubeFinder database generation date=2022-11-18 (1668769384)
2022-11-30 21:13:28,317 [INFO] ApiDb:666 - CubeFinder database FW Pack versions=[FP-ATR-ASTRA1_V1.1.1, STM32Cube_FW_C0_V1.0.0, STM32Cube_FW_F4_V1.27.1, STM32Cube_FW_F7_V1.17.0, STM32Cube_FW_G0_V1.6.1, STM32Cube_FW_G4_V1.5.0, STM32Cube_FW_H5_V0.5.1, STM32Cube_FW_H7_V1.11.0, STM32Cube_FW_L5_V1.5.0, STM32Cube_FW_U5_V1.1.1, STM32Cube_FW_WBA_V0.2.0, STM32Cube_FW_WB_V1.15.0, STM32Cube_FW_WB_V1.15.0RC1, STM32Cube_FW_WL_V1.3.0, X-CUBE-ALGOBUILD_V1.3.0, X-CUBE-ALS_V1.0.1, X-CUBE-AZRTOS-F4_V1.1.0, X-CUBE-AZRTOS-F7_V1.1.0, X-CUBE-AZRTOS-G0_V1.1.0, X-CUBE-AZRTOS-G4_V1.0.0, X-CUBE-AZRTOS-H7_V2.1.0, X-CUBE-AZRTOS-L4_V1.0.0, X-CUBE-AZRTOS-L5_V1.0.0, X-CUBE-AZRTOS-WL_V1.0.0, X-CUBE-BLE1_V6.2.4, X-CUBE-BLE2_V3.3.0, X-CUBE-BLEMGR_V1.2.0, X-CUBE-EEPRMA1_V3.1.1, X-CUBE-GNSS1_V6.0.0, X-CUBE-MEMS1_V9.1.0, X-CUBE-MEMS1_V9.3.0, X-CUBE-NFC4_V2.0.4, X-CUBE-NFC7_V1.0.0, X-CUBE-SFXS2LP1_V4.0.0, X-CUBE-SUBG2_V5.0.0]
2022-11-30 21:13:28,475 [INFO] DbBoardsSqlite:227 - include board P-NUCLEO-WB55-NUCLEO as a kit item of type 'Nucleo-64'
2022-11-30 21:13:28,476 [INFO] DbBoardsSqlite:227 - include board P-NUCLEO-WB55-USBDONGLE as a kit item of type 'Nucleo USB Dongle'
2022-11-30 21:13:28,477 [INFO] DbBoardsSqlite:227 - include board STEVAL-IDP005V1 as a kit item of type 'Evaluation Board'
2022-11-30 21:13:28,478 [INFO] DbBoardsSqlite:227 - include board STEVAL-IDP005V2 as a kit item of type 'Evaluation Board'
2022-11-30 21:13:28,562 [INFO] ApiDb:239 - Found 138 in-development CPN: [B-WB1M-WPAN1, NUCLEO-C031C6, STEVAL-STWINBX1, STM320518-EVAL, STM32C0116-DK, STM32C011D6Y3TR, STM32C011D6Y6TR, STM32C011F4P3, STM32C011F4P6, STM32C011F4U3, STM32C011F4U6TR, STM32C011F6P3, STM32C011F6P6, STM32C011F6U3, STM32C011F6U6TR, STM32C011J4M3, STM32C011J4M6, STM32C011J6M3, STM32C011J6M6, STM32C0316-DK, STM32C031C4T3, STM32C031C4T6, STM32C031C4U3, STM32C031C4U6, STM32C031C6T3, STM32C031C6T6, STM32C031C6U3, STM32C031C6U6, STM32C031F4P3, STM32C031F4P6, STM32C031F6P3, STM32C031F6P6, STM32C031G4U3, STM32C031G4U6, STM32C031G6U3, STM32C031G6U6, STM32C031K4T3, STM32C031K4T6, STM32C031K4U3, STM32C031K4U6, STM32C031K6T3, STM32C031K6T6, STM32C031K6U3, STM32C031K6U6, STM32G071K8TXN, STM32G071K8UXN, STM32G081GBU6N, STM32G081KBT6N, STM32G081KBUXN, STM32G0B1CCT6N, STM32G0B1KCT6, STM32G0B1NEY6TR, STM32G0B1RCT6N, STM32G0C1CCT6, STM32G0C1CCT6N, STM32G0C1CCU6N, STM32G0C1CET6N, STM32G0C1CEU6N, STM32G0C1KCT6, STM32G0C1NEY6TR, STM32G0C1RCI6N, STM32G0C1RCT6N, STM32G0C1REI6N, STM32G0C1RET6N, STM32G0C1VCI6, STM32G0C1VEI6, STM32G471CCT6, STM32G471CCU6, STM32G471CET3, STM32G471CET6, STM32G471CEU3, STM32G471CEU6, STM32G471MCT6, STM32G471MET3, STM32G471MET6, STM32G471MEY6TR, STM32G471QCT6, STM32G471QET3, STM32G471RCT6, STM32G471RET3, STM32G471RET6, STM32G471VCH6, STM32G471VCI6, STM32G471VCT6, STM32G471VEH3, STM32G471VEH6, STM32G471VEI3, STM32G471VEI6, STM32G471VET3, STM32G471VET6, STM32G474CCT6, STM32L476VGY6PTR, STM32L4R5QGI6STR, STM32MP131AAE3, STM32MP131AAF3, STM32MP131AAG3, STM32MP131CAE3, STM32MP131CAF3, STM32MP131CAG3, STM32MP131DAE7, STM32MP131DAF7, STM32MP131DAG7, STM32MP131FAE7, STM32MP131FAF7, STM32MP131FAG7, STM32MP133AAE3, STM32MP133AAF3, STM32MP133AAG3, STM32MP133CAE3, STM32MP133CAF3, STM32MP133CAG3, STM32MP133DAE7, STM32MP133DAF7, STM32MP133DAG7, STM32MP133FAE7, STM32MP133FAF7, STM32MP133FAG7, STM32MP135AAE3, STM32MP135AAF3, STM32MP135AAG3, STM32MP135CAE3, STM32MP135CAF3, STM32MP135CAG3, STM32MP135DAE7, STM32MP135DAF7, STM32MP135DAG7, STM32MP135F-DK, STM32MP135FAE7, STM32MP135FAF7, STM32MP135FAG7, STM32U595ZJT6Q, STM32U599BJY6QTR, STM32U599NIH6Q, STM32U599NJH6Q, STM32U5A5ZJT6Q, STM32U5A9BJY6QTR, STM32U5A9NJH6Q, STM32WB1MMCH6]
2022-11-30 21:13:28,855 [INFO] BoardInfo:879 - No configuration file found for board P-NUCLEO-WB55
2022-11-30 21:13:28,855 [INFO] DbBoards:156 - Kit is not supported: P-NUCLEO-WB55
2022-11-30 21:13:28,861 [INFO] BoardInfo:879 - No configuration file found for board STEVAL-BFA001V1B
2022-11-30 21:13:28,862 [INFO] DbBoards:156 - Kit is not supported: STEVAL-BFA001V1B
2022-11-30 21:13:28,864 [INFO] BoardInfo:879 - No configuration file found for board STEVAL-BFA001V2B
2022-11-30 21:13:28,865 [INFO] DbBoards:156 - Kit is not supported: STEVAL-BFA001V2B
2022-11-30 21:13:28,879 [INFO] BoardInfo:879 - No configuration file found for board STEVAL-PROTEUS1
2022-11-30 21:13:28,879 [INFO] DbBoards:156 - Board is not supported: STEVAL-PROTEUS1
2022-11-30 21:13:29,127 [INFO] DbBoards:160 - Found 178 boards, 174 are supported
2022-11-30 21:13:29,141 [INFO] ApiDb:418 - Load user favorites file C:\Users\jeffr/.stm32cubeide/favorites.boards.txt: 0 item(s)
2022-11-30 21:13:29,142 [INFO] ApiDb:422 - User favorites Boards=[]
2022-11-30 21:13:29,142 [INFO] DbBoards:189 - Set 0 / 0 favorites Boards
2022-11-30 21:15:35,356 [INFO] McuFinderGlobals:57 - Set McuFinderConnectedMode to true
2022-11-30 21:15:35,361 [INFO] ApiDb:443 - Save user favorites file C:\Users\jeffr/.stm32cubeide/favorites.mcus.txt: 0 item(s)
2022-11-30 21:15:35,362 [INFO] ApiDb:447 - User favorites MCUs=[]
2022-11-30 22:24:31,086 [ERROR] LogOutputStream:74 - [STDERR_REDIRECT] 
